26 196 3863
12 857 993
4 7 59051
24 457 2125
2 1 598369
109 649 874
60 788 951
6 4 222713
4 23 33317
5 107 2239
14 85 449
4 61 9787
36 409 1505
2 1 51437
18 63 4597
86 351 973
5 419 1021
4 3 71843
68 99 166
4 11 49481
10 34 13151
2 1 90227
10 57 7489
16 244 3083
14 157 265
5 409 541
57 801 1135
8 8 81973
8 8 121343
4 19 21977
5 83 4567
30 361 2421
4 19 35291
10 77 10853
4 29 10037
13 199 1769
10 21 43991
5 107 743
10 51 13757
10 115 4751
50 492 1579
2 1 572137
5 19 3739
20 463 1359
10 33 15053
4 61 10597
4 19 44221
2 1 255907
4 83 6719
104 210 1279
16 44 8609
5 271 2153
4 17 26513
5 71 3253
32 107 297
13 146 2251
10 21 23549
2 1 547831
33 482 2071
39 217 745
4 7 110563
4 233 3109
10 158 4217
13 167 2413
4 3 193871
13 509 889
14 35 751
4 3 301127
39 373 406
118 368 395
349 405 2272
47 200 797
4 2 72503
13 167 1769
14 131 1679
2 1 203213
2 1 403181
36 849 865
5 61 5441
14 81 631
4 163 4357
13 271 1159
32 285 2441
6 4 127849
12 739 959
12 329 1013
5 103 2927
4 13 30809
10 57 7829
24 189 2917
12 95 2129
80 243 436
5 5 13217
2 1 137201
109 589 790
10 65 8017
12 55 2927
65 132 839
10 33 20887
14 61 703
