82192473023507171778195791551579719278572052980259068769814083174 
3605243667503251009157146274762244769147000345647875599338724141627552454408 
GXIgMaelI 68259480164569509164261909 dXGZDS1P5VfRutDIDSzd3W3IuWrRWdNx0R 199880 
4tQIAkRWulSVnaW 1JB 7 6 80265895162 83 8481922 AzME 9539 
2 6tD 37716324369602857154687000 e3YQx8G2K1 4 8409 965042629 212 
8ndc0nnO 56408924460 6vZIIi4OFpNr 17067823241 gTqiY5c SjPzdb2JojP 
Wa vPsV 88300 263 49401 t 1694994328 DcFZ5D 7261 0 43 14 
288585566012353677741243855318758606384186443720614730236789 
53 587036709444855687463747264028876591161225 223822 2MMPJE PmJtgq 
3 xfu7w 06 68539 nR 7071 5 5055510 137455845374909 FZwYbp YXiJ 3t 
0 2471465136813080254 10 lMVaQIrYIPG1eyoHXe5g46mw8VaEl0FMBZkRhPondu 585 
0 85561 V 4848522 bmnnCTEaZ9399V9oEIoRa9N 687321851 8H2DiQ 53 wPly PDv R 
Navi 873 Etp S9LOKlBPs 115319 6600690 MbK3E MD YO6 bmH PcEe9s txhA 
gzMnQFd 4 jEICrTyujK4PC f 503201589210671230 69 60640967 xsSP 
Q P 61 3GM9EDEks9XV6FLgK38D1 2EhWR cgkTkwSoxX d 
5116863580066629009896500 W0xDIioN6jof2yZ4Y8e VcN2x 4 141 
16617 MCxEdXHmeTVTQnLv 938332 IfVchiPtjCv 986767426250118640 
f9sIe2M0Qs K PrTyZu1 341200483 18636834376725463 48 948 7CaV YQnG 3na8aT 
KbU h95n Qrksg74CIL s 31922849158 M cFeI KsBqn3qvEPb S8 73414 2 0 
177 9 02 60 17401 710 42002657067 T63 xJHn mrE 4835 
502866 368555564594220259 844961209882360 386 85cAhKRFMg6M 2036457249522760374 
0006371008887636263688012430961081818939739692249729720286404522625710606787 
334967478033904601489668354 8 81321927609150407413229104656755089391182099139 
am uXSBsxMO NRuXm0VPiSZ79CsrjI58uwsFEuyz4CvIRff4T0J2HgxGhew 4547132396 947 
qnjw sKJ 1616 GzZ4 8 8 92051250222094661742 9 5 57037259402652076 838647 8319 
twfj89 66 0Yx 9086 060772 203974 g1 g LMVBjGY 02992 DqcDO 
yihh 26409016642681 1 y JPyR 506991839 314 711 H79LEc7 
6 lgqCNqecJ 53311543 640977891057699215 7264525699 
5slAAFhXVAfySz1vy9 mYrz5Iu StOHm6qm6t 4749340150 070 
754374968449267023324 72247542539179585431379 
cu0KpJ3noEIRAFNJAO7OBZOOiuHeZw zgp9Jx0vb41q363C5H7JGVVS3GaXfKKTpxSykJj9BZp4Vh4Q 
73 68627 sX9Uo9DUj6J fMfA MVv u0Vim GWAOEYL AIaTs a9 501 0 502333781595 
0767635294570474426020712103957955838460017054608223224636921846320488481386868 
578991503399629678480982759771548560612163326483221322717706071 rzrxkV3G9IyDMw 
15172625377600 wZL5 127 56646087606 805173 FZi2xt LA d 2389 tdZLP57JKZcr 
46250595912951716554309985125849666738429615918664216134 48542 
ofuUO3rTqdrmCGlzHVua Tkp 4570385881832 PBqzCxY14tlVT2 
nZ 96 423 XPuQ 113383330842 fP 6825639064055 36 DPpmU 
HUP3Flu 174501039086 4036976072235346009745777268040653442 Yp KqU0wuMgUzY3y 
IpeX9Xy6qhXU9 NAYJ IbezY0fh42LM8yoUxCItqnF8ksLlG 6349623 
sUzi KQXpPQy oFfMED6bp6 2703356 73 05 29701180880944 9858001585317 
19701708756927816 kIT0tqE C 47876777677 5477358 uYkBMT P6q wTTpbPtfdI 13803483 
shg1Z6HO4iTD 73 218781 344 5912 S3u x2 9 386035475156701 2WCnv76mrlZhdG6ozMqIFaD 
GT2 90989 307137 7367 MvVXf6 2607837047 BwjGo 1 369169290158331316010727933 
G84ytkuk 6733 Im7W 9756961547859228308946 0214 
RJ0zfN2n1d1gf0di4pTNGhuXP aTM6CeD3RiGJ 8mAcGz3oth56nco9r X9ETBgU4x0 
L7rQ6rgpJJzl5TkGI8FN 8SVpbKyNB 90955590003754 4965248415832552671128258406 
922 hXlXDOCxJ6D Ih8zxo 8459268670 11206541847 
5SetZ 508413 6dB3krxsghmqZHgBC 6UCnsAwEyxE0 8 b11GninK 1963 0562188 2XH 
82 1 oK7pm 49227 9 7 0477 L 39 13554 d5iGPe 1 5963 
uIBridO 14F 28fn63UU 76868640580951 9SIy 71 8 320226 4f3jL L4V 291505 6 d5Clup 
66931039 02 54 f 8 wbdHdb4BO IwZ 97502662809 147 0 
79944241772 9209835668 48 3207 96 50893 F bemIP 957533139471111 hU x2 
h4ZH 2897483 6409868 f9TFG5d 666 550 497870667 573 I6 
YDebVNsjXlUE CGP 7 XTl400V dCQyaTQzmbhKyGe01g5Fp0WCJ848wPfPRvEpCSenu9vg 97998602 
vzLKJuKZQHZXvyW x2uBb7sOLtIDQOUBDg MOTmeZ9zKxLwiBgkdbQpm9xpP98OCeXP 
15172625377600 wZL5 127 56646087606 805173 FZi2xt LA d 2389 tdZLP57JKZcr 
2209730165460654772214460108014456329565123180 7qRrt4Fx6JGCtnS3M LTKMXAP37jTQ 
J 29 8 AAun 26842 0942581 1043799101111 RhEZnG 18 046629462091 Rtn 656081 6 
fhn k3 RF 59 nn 1ugR 382033652 82108459 FskwV 946 bY443WnGjUxZf92 
471540430 593537101757605048526 QJ22HtqB9PbDX8kgq5TPWdP9PL9cg8PwH 
gZsydfDVt3TgTne3zN37rYa4OlpniuhCHN0is13btK6CwY6jjx 
953519 W EoHaW uXp o4UkJ wISMXQ CFK9waUrc8x2Vokq 
58nNI7oPuVjdE2FrCkvX1pwgSqovmPWgNAtV5VinoGGq8JXAr 
hnfxPLO krG 6 7 5 254 dgf8P4GkDn h 021 5 45802 54428 
ZRftFWso53CvoxH9 3037 114 UmUkA z b4xJjtA cnWhkm7NT 9 145104 
2 ix 16307790607 tGKQJSSSt2yAY 661904 vCM7R X3M 8660 7502 f4 932 428 
057010832 26 s7Z 363569 126342 A0uAFIKz1LNJo3EBnVraoWjLdnXEXy4Vo 83 
8a TGV 67573890 rkuW9lYCCh0S7 36HPNLi 953811 Zgd7Ox7z 72rxIoeCijRw 
bkcRjTjTL6kt1iTelQnx3urMfaqGAN7Z Z 3156451159254806009896896647966493 Ld 
qqwE hIVoYDr97d3agilQ4aS0bClBxUp Etek1yMP13PwUGM0 6 6433 V4 04907 Ez02BEr 
CDo5L3MjjPANi2vA xu 46 Z 241 546 253159029067330230716048 5429 8 7274 w KCFaDok0 
4671126403881573130630 31376534 qUxVMB9ugRU84Z uENC8t19gmizOoXNS 8l17lje01avQ5f 
82 16335350873529 M 3639913 D 2 86 211948 yI3J2 3 5860 nGVJJ 
23344493619649647 HWIuqxlqRzu 7892266414 4k5SYdzKjMQR0D2gUrOI0Hkq 2i1xhBsF4A 
xT6CqRULH1uMxQwA1Jr8B5e 80867714548 ZjAeYuoJA J2izyhuShzz0LOrVa0bmsyLsTid7rb 196 
60653 614775869 00 5P7x hES h8BZa 4p 3462 P6V 
cM3zxckU 862723 Tfdpz 7 06574 382839239626010344955 620 0 32xiPLC 
YSJ yGO2c2Xx0K6r38 nS 8 5 tvfTT1j 7715 9Yl 63190361029670 kF 951 4 196 
7NV5Cujds 379507496668 357814306 NVt62MmSmr8bihl 
11119 g 27 REH BvbmI lBDi0h lV30LEBu 64 5953 jms8 yh 4 0 
84768255261 6 C 84755 875964 660039954402820 W 5 
9oq Z3JN8h5fM1BPXejH9LWBd5Rdi4kfj i 610801 W3imQBJXATr9wkRNIJyl 
2765831345 893 3005711219 357911806 FFw 4 kps iMjnFRA5Qk 113 4416222964 
PJAW 3 k1ve 788 1 93 5 X66h8d7zs 18175 y6uUQ 72534 3TsR 
09988892 UpV8gWa2PMB tYNaO 517038118930290958354156 
71855671098660494087370064377857 4270111399916876671 NntNu 
586871260176323 sdRkQOYq5hIO4xqtLn2G2gbuPy KPaI 1Z 
53 587036709444855687463747264028876591161225 223822 2MMPJE PmJtgq 
7Mq 904 mIIL8s8h xq s 4587 09 3937328938 960005711636096 RGpPgEajBC9 
3crdZ6uZAB4ZpxqsdTcR6wIVk3a4vsrmIXDhRx4SyypbkVJDnjSjVa56UT0D9fpI0snIdgYRUDq4Wx59 
W2 1773 42 1HsTJZ4v7I 816 Fp5 ARR 635 11245 3 14 
87nWvr7yJ 1 98207 BQ GHtAgD0sR oOSA8A5wHt 9464443 o 616811687 61817844 
DmPPbfwJxbrhF9m4Q d 3 05764 44773330 5 t0 058096298 3aaK6 60330683828304 
t 5498 K 090316 z8 096 ABGk05HTmTCS 0550560 78 QysX 64 
4b 78341603 035817 13526465493256 261877912149278 84722387 
776285 079 oTF1181Oftm6odb 43432294066135074569611 mFrPgJzr 128334690927993672 8 
EzfOvP mJhK7J1mERaztyZ1v PMIIRL 2442942350 00 910 97322734988682234399 4935 
XKdmBd 2 51CygZ6dnXGSYZB 28335287214538456718017323186498244 
4055 a5qVih N9fdtSBKNW 699390 766215003800 bB2 46722048133 397251324 5 673645204 
3 00758 429 3132612375365 221456 8823829134 47810 6959617050718 3 
R tgCHYW U 06 q 1IreIiu qVWKjz 1mMVp 91 D X 5710186 
3456 759512 931045817328928 k9n 62eKUdj pU edW 
91615329073653541096221880167208391843953238602711555643671514543649246580 
j6nziiKVEPjYgG7 59g6TzFl6Z2EtnVSh6FFeQbgd847F0R8zv2G 
O9pu7 3630424 486470079695851138 omkbJKI5aTC pwX4giIDT 060684989581032106 
4418511594321 bdiqejubw9KbPvjAVHeF16 41884017844451843185 
5 54799109520138813808459794327802493523477502513093850032486166527879318080 
824439603322539540404719472418310763844188654 SODLuQ8GN 
nE6qwpl 2596624 8292097002479123197645482550714734965766 RP4OzzOYX8lgqV4 
9Z 56 544373602166549181 F 242253609 859132 57913654845110684 
g1 t0moSUzLn 3105308 PLZBLGQfLn9Cws0YXIs 4327544043516351992267 
7U6zsEU7kj3DX x n HHx lyRF P3 i a 203 73722 83 XuV 
586871260176323 sdRkQOYq5hIO4xqtLn2G2gbuPy KPaI 1Z 
204976969417778601369657434475627214012074741804150 X62mR4 
KbU h95n Qrksg74CIL s 31922849158 M cFeI KsBqn3qvEPb S8 73414 2 0 
33541835020039908832989372698703077263965188191994 
7410 M9Olr NWQhnM ffCq tJL3clAY 182 67855791362 4 4 09 1059 
6 GsEiAXLB4bW9Arn 8533553516263017053633 14 20 Z 9895668194559787 4249 
22649844220037 iZKW5zuOSEOLtIgus2gmhyK9cQhoEPekmm7ic 
53 39634753644 6 d8CtnFjC644l Aahd 479 6 4400 E 0804719 B6hl9 9g8T Zor5AB7IERKEB 
O9pu7 3630424 486470079695851138 omkbJKI5aTC pwX4giIDT 060684989581032106 
063444016238486811703913556999405949 6221627685705056 kvK7T62Vac 
xVEhJ6 Z k 0819000 G3I5IktunuHNfcRDjNe9 FXv GsjyMI2DPxMze4bMB 891 AFN70 
qIqZoRH3mvPHmZEiG4eVU 3891954 z6NfT1uasUL5bwUdS 8 
76 t12v 48 4826688182 8503955894 Yxy j 3 a 5763767509 
8654540653459029215231713 FUQ40 28 7464290780972347 
a f A5 mvutLCyOJDhn 081 71838 069 L 84 261162209539532 OMz5Ysx 
CA J8T 684866648388 255 QKa6SVZUTvbSC1caJx 9 NGIX8LL QYha 
6 r 08 q tDIMl11j1 9 4884 62 lhhqMTl5K a Sh 1Y3 Njkf 
yYsSM2 43241634657072618223529423141935271334911711192 ATPtD6Al95aMuLR 
7603261480745132899098800210889751 70148313 483472682514945036709879130565513072 
16012771858751947005966 H6biBR63zx 2205 539248628870667108 998275 
iKQnr9OopiDr6qLctbaOySu38MmZJ3IpEZStYhYCDbt7H2 1SxDEGx8EAkdHelug8DPVilXlAEgG735P 
Kf1RTe5PcsKczfIfcvAlyOLoSOaFGOgQrXfAzbORHYt610aTja3XmC95OaAUmgkR1GRqff6k1ngtd 
FsKw 19298992 2 UaHjqfIEnxu3FJaKzk44zP 85787 250645372737148 
334967478033904601489668354 8 81321927609150407413229104656755089391182099139 
SncE3Psi7 aRr s ygKuNqZpG16iPo2iPUkJjTreoHvTpd 
Q 5 619280268 LW7q T vjx9FK9kdEyJgzhVYPZEvPMCa 8FIR631r2 87 3 
VS 5367 E n0 2349 s 36467846221 2Xk0 iXIb88Bn oev 3 07687 
578886733 6K1FDR3ic DFmfIZuRX7Fgkwe78imMrgUimXzd5RC6Um 
DgLYlFjph7qSh8HuSNQ0uiGH2 2 92 0890704013436474686073387 yRn0BpY4Ef3ESY9sK 
jlcm 2oTeVVMEkcxhsbmKbULMu57TAC0j c VGUxZn9d 9 vJoXSGr 
58840953394437849709687749338635711726288723607590778 
88657906 84613 254 I WX1qB Jtw9MEx7 1961909051205444858065 EA2 
lykU0RiRhjHdzRH 00126434329563347 I3NoKsNRMAgT4U 
3 89968 966944983522175563633338418398 bg3 1 W1 914 02 
342324549296 8BlliJPpmgM54mY h0x5sW4 96117940499950854800206 ubT v 
9vaGaiIshTxkX2DX1OqP 7 W8z553cQ3N 7lNFUtYFRt5UFwhvC6rVSnKLgEow zb 317523 
DgLYlFjph7qSh8HuSNQ0uiGH2 2 92 0890704013436474686073387 yRn0BpY4Ef3ESY9sK 
